[variant] Loaded new set of variants
[kit] Successfully loaded 1 kits from /home/romain/.local/share/CMakeTools/cmake-tools-kits.json
[kit] Detected kits definition version change from undefined to 2. Silently scanning for kits.
[proc] Executing command: /bin/c89-gcc -v
[proc] Executing command: /bin/c99-gcc -v
[proc] Executing command: /bin/gcc -v
[proc] Executing command: /bin/gcc-10 -v
[proc] Executing command: /bin/x86_64-linux-gnu-gcc -v
[proc] Executing command: /bin/x86_64-linux-gnu-gcc-10 -v
[proc] Executing command: /usr/bin/c89-gcc -v
[proc] Executing command: /usr/bin/c99-gcc -v
[proc] Executing command: /usr/bin/gcc -v
[proc] Executing command: /usr/bin/gcc-10 -v
[proc] Executing command: /usr/bin/x86_64-linux-gnu-gcc -v
[proc] Executing command: /usr/bin/x86_64-linux-gnu-gcc-10 -v
[kit] Found Kit: GCC 10.2.1 x86_64-linux-gnu
[kit] Found Kit: GCC 10.2.1 x86_64-linux-gnu
[kit] Found Kit: GCC 10.2.1 x86_64-linux-gnu
[kit] Found Kit: GCC 10.2.1 x86_64-linux-gnu
[kit] Found Kit: GCC 10.2.1 x86_64-linux-gnu
[kit] Found Kit: GCC 10.2.1 x86_64-linux-gnu
[kit] Found Kit: GCC 10.2.1 x86_64-linux-gnu
[kit] Found Kit: GCC 10.2.1 x86_64-linux-gnu
[kit] Found Kit: GCC 10.2.1 x86_64-linux-gnu
[kit] Found Kit: GCC 10.2.1 x86_64-linux-gnu
[kit] Found Kit: GCC 10.2.1 x86_64-linux-gnu
[kit] Found Kit: GCC 10.2.1 x86_64-linux-gnu
[kit] Successfully loaded 1 kits from /home/romain/.local/share/CMakeTools/cmake-tools-kits.json
